<?xml version="1.0" encoding="UTF-8"?>
<!-- Generated by org.testng.reporters.JUnitReportReporter -->
<testsuite skipped="0" hostname="LAPTOP-JSR19VR7" name="automation.worldremit.stepdefinitions.RunnerTest2" tests="1" failures="0" timestamp="22 May 2019 13:40:32 GMT" time="3.556" errors="0">
  <testcase name="feature" time="3.556" classname="automation.worldremit.stepdefinitions.RunnerTest2"/>
</testsuite> <!-- automation.worldremit.stepdefinitions.RunnerTest2 -->
