<?xml version="1.0" encoding="UTF-8"?>
<!-- Generated by org.testng.reporters.JUnitReportReporter -->
<testsuite skipped="0" hostname="LAPTOP-JSR19VR7" name="automation.worldremit.stepdefinitions.RunnerTest" tests="1" failures="0" timestamp="14 May 2019 10:44:33 GMT" time="10.940" errors="0">
  <testcase name="feature" time="10.940" classname="automation.worldremit.stepdefinitions.RunnerTest"/>
</testsuite> <!-- automation.worldremit.stepdefinitions.RunnerTest -->
